[debug] [2020-03-02T11:44:08.801Z] ----------------------------------------------------------------------
[debug] [2020-03-02T11:44:08.804Z] Command:       /usr/local/bin/node /Users/sawadayuki/.npm_global/bin/firebase serve
[debug] [2020-03-02T11:44:08.804Z] CLI Version:   7.14.0
[debug] [2020-03-02T11:44:08.804Z] Platform:      darwin
[debug] [2020-03-02T11:44:08.804Z] Node Version:  v13.6.0
[debug] [2020-03-02T11:44:08.805Z] Time:          Mon Mar 02 2020 20:44:08 GMT+0900 (日本標準時)
[debug] [2020-03-02T11:44:08.805Z] ----------------------------------------------------------------------
[debug] [2020-03-02T11:44:08.805Z] 
[debug] [2020-03-02T11:44:08.816Z] > command requires scopes: ["email","openid","https://www.googleapis.com/auth/cloudplatformprojects.readonly","https://www.googleapis.com/auth/firebase","https://www.googleapis.com/auth/cloud-platform"]
[debug] [2020-03-02T11:44:08.816Z] > authorizing via signed-in user
[debug] [2020-03-02T11:44:08.816Z] [iam] checking project chat-app-ns for permissions ["firebase.projects.get"]
[debug] [2020-03-02T11:44:08.818Z] > refreshing access token with scopes: ["email","https://www.googleapis.com/auth/cloud-platform","https://www.googleapis.com/auth/cloudplatformprojects.readonly","https://www.googleapis.com/auth/firebase","openid"]
[debug] [2020-03-02T11:44:08.818Z] >>> HTTP REQUEST POST https://www.googleapis.com/oauth2/v3/token  
 <request body omitted>
[debug] [2020-03-02T11:44:10.019Z] <<< HTTP RESPONSE 200
[debug] [2020-03-02T11:44:10.050Z] >>> HTTP REQUEST POST https://cloudresourcemanager.googleapis.com/v1/projects/chat-app-ns:testIamPermissions  

[debug] [2020-03-02T11:44:10.828Z] <<< HTTP RESPONSE 200
[debug] [2020-03-02T11:44:10.830Z] >>> HTTP REQUEST GET https://firebase.googleapis.com/v1beta1/projects/chat-app-ns  
 
[debug] [2020-03-02T11:44:11.544Z] <<< HTTP RESPONSE 200
[info] 
[info] === Serving from '/Users/sawadayuki/new_standard'...
[info] 
[debug] [2020-03-02T11:44:11.550Z] >>> HTTP REQUEST GET https://firebase.googleapis.com/v1beta1/projects/chat-app-ns/webApps/-/config  
 
[debug] [2020-03-02T11:44:12.568Z] <<< HTTP RESPONSE 200
[info] i  hosting: Serving hosting files from: dist
[info] ✔  hosting: Local server: http://localhost:5000
